Analysis & Synthesis report for display_divider
Sun Oct 08 17:59:15 2017
Quartus Prime Version 17.0.0 Build 595 04/25/2017 SJ Lite Edition


---------------------
; Table of Contents ;
---------------------
  1. Legal Notice
  2. Analysis & Synthesis Summary
  3. Analysis & Synthesis Settings
  4. Parallel Compilation
  5. Analysis & Synthesis Source Files Read
  6. Analysis & Synthesis Resource Usage Summary
  7. Analysis & Synthesis Resource Utilization by Entity
  8. User-Specified and Inferred Latches
  9. General Register Statistics
 10. Port Connectivity Checks: "divider:div|comparator:\Slice:0:FirstSlice:firstComp"
 11. Post-Synthesis Netlist Statistics for Top Partition
 12. Elapsed Time Per Partition
 13. Analysis & Synthesis Messages



----------------
; Legal Notice ;
----------------
Copyright (C) 2017  Intel Corporation. All rights reserved.
Your use of Intel Corporation's design tools, logic functions 
and other software and tools, and its AMPP partner logic 
functions, and any output files from any of the foregoing 
(including device programming or simulation files), and any 
associated documentation or information are expressly subject 
to the terms and conditions of the Intel Program License 
Subscription Agreement, the Intel Quartus Prime License Agreement,
the Intel MegaCore Function License Agreement, or other 
applicable license agreement, including, without limitation, 
that your use is for the sole purpose of programming logic 
devices manufactured by Intel and sold by Intel or its 
authorized distributors.  Please refer to the applicable 
agreement for further details.



+----------------------------------------------------------------------------------+
; Analysis & Synthesis Summary                                                     ;
+------------------------------------+---------------------------------------------+
; Analysis & Synthesis Status        ; Successful - Sun Oct 08 17:59:15 2017       ;
; Quartus Prime Version              ; 17.0.0 Build 595 04/25/2017 SJ Lite Edition ;
; Revision Name                      ; display_divider                             ;
; Top-level Entity Name              ; display_divider                             ;
; Family                             ; Cyclone IV E                                ;
; Total logic elements               ; 496                                         ;
;     Total combinational functions  ; 496                                         ;
;     Dedicated logic registers      ; 0                                           ;
; Total registers                    ; 0                                           ;
; Total pins                         ; 110                                         ;
; Total virtual pins                 ; 0                                           ;
; Total memory bits                  ; 0                                           ;
; Embedded Multiplier 9-bit elements ; 0                                           ;
; Total PLLs                         ; 0                                           ;
+------------------------------------+---------------------------------------------+


+----------------------------------------------------------------------------------------------------------------------+
; Analysis & Synthesis Settings                                                                                        ;
+----------------------------------------------------------------------------+--------------------+--------------------+
; Option                                                                     ; Setting            ; Default Value      ;
+----------------------------------------------------------------------------+--------------------+--------------------+
; Device                                                                     ; EP4CE115F29C7      ;                    ;
; Top-level entity name                                                      ; display_divider    ; display_divider    ;
; Family name                                                                ; Cyclone IV E       ; Cyclone V          ;
; Use smart compilation                                                      ; Off                ; Off                ;
; Enable parallel Assembler and TimeQuest Timing Analyzer during compilation ; On                 ; On                 ;
; Enable compact report table                                                ; Off                ; Off                ;
; Restructure Multiplexers                                                   ; Auto               ; Auto               ;
; Create Debugging Nodes for IP Cores                                        ; Off                ; Off                ;
; Preserve fewer node names                                                  ; On                 ; On                 ;
; OpenCore Plus hardware evaluation                                          ; Enable             ; Enable             ;
; Verilog Version                                                            ; Verilog_2001       ; Verilog_2001       ;
; VHDL Version                                                               ; VHDL_1993          ; VHDL_1993          ;
; State Machine Processing                                                   ; Auto               ; Auto               ;
; Safe State Machine                                                         ; Off                ; Off                ;
; Extract Verilog State Machines                                             ; On                 ; On                 ;
; Extract VHDL State Machines                                                ; On                 ; On                 ;
; Ignore Verilog initial constructs                                          ; Off                ; Off                ;
; Iteration limit for constant Verilog loops                                 ; 5000               ; 5000               ;
; Iteration limit for non-constant Verilog loops                             ; 250                ; 250                ;
; Add Pass-Through Logic to Inferred RAMs                                    ; On                 ; On                 ;
; Infer RAMs from Raw Logic                                                  ; On                 ; On                 ;
; Parallel Synthesis                                                         ; On                 ; On                 ;
; DSP Block Balancing                                                        ; Auto               ; Auto               ;
; NOT Gate Push-Back                                                         ; On                 ; On                 ;
; Power-Up Don't Care                                                        ; On                 ; On                 ;
; Remove Redundant Logic Cells                                               ; Off                ; Off                ;
; Remove Duplicate Registers                                                 ; On                 ; On                 ;
; Ignore CARRY Buffers                                                       ; Off                ; Off                ;
; Ignore CASCADE Buffers                                                     ; Off                ; Off                ;
; Ignore GLOBAL Buffers                                                      ; Off                ; Off                ;
; Ignore ROW GLOBAL Buffers                                                  ; Off                ; Off                ;
; Ignore LCELL Buffers                                                       ; Off                ; Off                ;
; Ignore SOFT Buffers                                                        ; On                 ; On                 ;
; Limit AHDL Integers to 32 Bits                                             ; Off                ; Off                ;
; Optimization Technique                                                     ; Balanced           ; Balanced           ;
; Carry Chain Length                                                         ; 70                 ; 70                 ;
; Auto Carry Chains                                                          ; On                 ; On                 ;
; Auto Open-Drain Pins                                                       ; On                 ; On                 ;
; Perform WYSIWYG Primitive Resynthesis                                      ; Off                ; Off                ;
; Auto ROM Replacement                                                       ; On                 ; On                 ;
; Auto RAM Replacement                                                       ; On                 ; On                 ;
; Auto DSP Block Replacement                                                 ; On                 ; On                 ;
; Auto Shift Register Replacement                                            ; Auto               ; Auto               ;
; Allow Shift Register Merging across Hierarchies                            ; Auto               ; Auto               ;
; Auto Clock Enable Replacement                                              ; On                 ; On                 ;
; Strict RAM Replacement                                                     ; Off                ; Off                ;
; Allow Synchronous Control Signals                                          ; On                 ; On                 ;
; Force Use of Synchronous Clear Signals                                     ; Off                ; Off                ;
; Auto RAM Block Balancing                                                   ; On                 ; On                 ;
; Auto RAM to Logic Cell Conversion                                          ; Off                ; Off                ;
; Auto Resource Sharing                                                      ; Off                ; Off                ;
; Allow Any RAM Size For Recognition                                         ; Off                ; Off                ;
; Allow Any ROM Size For Recognition                                         ; Off                ; Off                ;
; Allow Any Shift Register Size For Recognition                              ; Off                ; Off                ;
; Use LogicLock Constraints during Resource Balancing                        ; On                 ; On                 ;
; Ignore translate_off and synthesis_off directives                          ; Off                ; Off                ;
; Timing-Driven Synthesis                                                    ; On                 ; On                 ;
; Report Parameter Settings                                                  ; On                 ; On                 ;
; Report Source Assignments                                                  ; On                 ; On                 ;
; Report Connectivity Checks                                                 ; On                 ; On                 ;
; Ignore Maximum Fan-Out Assignments                                         ; Off                ; Off                ;
; Synchronization Register Chain Length                                      ; 2                  ; 2                  ;
; PowerPlay Power Optimization During Synthesis                              ; Normal compilation ; Normal compilation ;
; HDL message level                                                          ; Level2             ; Level2             ;
; Suppress Register Optimization Related Messages                            ; Off                ; Off                ;
; Number of Removed Registers Reported in Synthesis Report                   ; 5000               ; 5000               ;
; Number of Swept Nodes Reported in Synthesis Report                         ; 5000               ; 5000               ;
; Number of Inverted Registers Reported in Synthesis Report                  ; 100                ; 100                ;
; Clock MUX Protection                                                       ; On                 ; On                 ;
; Auto Gated Clock Conversion                                                ; Off                ; Off                ;
; Block Design Naming                                                        ; Auto               ; Auto               ;
; SDC constraint protection                                                  ; Off                ; Off                ;
; Synthesis Effort                                                           ; Auto               ; Auto               ;
; Shift Register Replacement - Allow Asynchronous Clear Signal               ; On                 ; On                 ;
; Pre-Mapping Resynthesis Optimization                                       ; Off                ; Off                ;
; Analysis & Synthesis Message Level                                         ; Medium             ; Medium             ;
; Disable Register Merging Across Hierarchies                                ; Auto               ; Auto               ;
; Resource Aware Inference For Block RAM                                     ; On                 ; On                 ;
+----------------------------------------------------------------------------+--------------------+--------------------+


+------------------------------------------+
; Parallel Compilation                     ;
+----------------------------+-------------+
; Processors                 ; Number      ;
+----------------------------+-------------+
; Number detected on machine ; 12          ;
; Maximum allowed            ; 6           ;
;                            ;             ;
; Average used               ; 1.00        ;
; Maximum used               ; 1           ;
;                            ;             ;
; Usage by Processor         ; % Time Used ;
;     Processor 1            ; 100.0%      ;
+----------------------------+-------------+


+-------------------------------------------------------------------------------------------------------------------------------------------------------------------------+
; Analysis & Synthesis Source Files Read                                                                                                                                  ;
+----------------------------------+-----------------+-----------------------+----------------------------------------------------------------------------------+---------+
; File Name with User-Entered Path ; Used in Netlist ; File Type             ; File Name with Absolute Path                                                     ; Library ;
+----------------------------------+-----------------+-----------------------+----------------------------------------------------------------------------------+---------+
; divider.vhd                      ; yes             ; User VHDL File        ; C:/Users/Graehme/Documents/College/EECS 355/gitProjects/Lab2/divider.vhd         ;         ;
; divider_const.vhd                ; yes             ; User VHDL File        ; C:/Users/Graehme/Documents/College/EECS 355/gitProjects/Lab2/divider_const.vhd   ;         ;
; display_divider.vhd              ; yes             ; User VHDL File        ; C:/Users/Graehme/Documents/College/EECS 355/gitProjects/Lab2/display_divider.vhd ;         ;
; comparator.vhd                   ; yes             ; User VHDL File        ; C:/Users/Graehme/Documents/College/EECS 355/gitProjects/Lab2/comparator.vhd      ;         ;
; leddcd.vhd                       ; yes             ; Auto-Found VHDL File  ; C:/Users/Graehme/Documents/College/EECS 355/gitProjects/Lab2/leddcd.vhd          ;         ;
+----------------------------------+-----------------+-----------------------+----------------------------------------------------------------------------------+---------+


+-------------------------------------------------------------------------+
; Analysis & Synthesis Resource Usage Summary                             ;
+---------------------------------------------+---------------------------+
; Resource                                    ; Usage                     ;
+---------------------------------------------+---------------------------+
; Estimated Total logic elements              ; 496                       ;
;                                             ;                           ;
; Total combinational functions               ; 496                       ;
; Logic element usage by number of LUT inputs ;                           ;
;     -- 4 input functions                    ; 157                       ;
;     -- 3 input functions                    ; 296                       ;
;     -- <=2 input functions                  ; 43                        ;
;                                             ;                           ;
; Logic elements by mode                      ;                           ;
;     -- normal mode                          ; 279                       ;
;     -- arithmetic mode                      ; 217                       ;
;                                             ;                           ;
; Total registers                             ; 0                         ;
;     -- Dedicated logic registers            ; 0                         ;
;     -- I/O registers                        ; 0                         ;
;                                             ;                           ;
; I/O pins                                    ; 110                       ;
;                                             ;                           ;
; Embedded Multiplier 9-bit elements          ; 0                         ;
;                                             ;                           ;
; Maximum fan-out node                        ; divider:div|intDivisor[5] ;
; Maximum fan-out                             ; 34                        ;
; Total fan-out                               ; 1795                      ;
; Average fan-out                             ; 2.51                      ;
+---------------------------------------------+---------------------------+


+--------------------------------------------------------------------------------------------------------------------------------------------------------------------------------------------------------------------------------------------------------------------------------------------+
; Analysis & Synthesis Resource Utilization by Entity                                                                                                                                                                                                                                        ;
+-----------------------------------------------------+---------------------+---------------------------+-------------+--------------+---------+-----------+------+--------------+--------------------------------------------------------------------------+-----------------+--------------+
; Compilation Hierarchy Node                          ; Combinational ALUTs ; Dedicated Logic Registers ; Memory Bits ; DSP Elements ; DSP 9x9 ; DSP 18x18 ; Pins ; Virtual Pins ; Full Hierarchy Name                                                      ; Entity Name     ; Library Name ;
+-----------------------------------------------------+---------------------+---------------------------+-------------+--------------+---------+-----------+------+--------------+--------------------------------------------------------------------------+-----------------+--------------+
; |display_divider                                    ; 496 (0)             ; 0 (0)                     ; 0           ; 0            ; 0       ; 0         ; 110  ; 0            ; |display_divider                                                         ; display_divider ; work         ;
;    |divider:div|                                    ; 412 (24)            ; 0 (0)                     ; 0           ; 0            ; 0       ; 0         ; 0    ; 0            ; |display_divider|divider:div                                             ; divider         ; work         ;
;       |comparator:\Slice:0:FirstSlice:firstComp|    ; 16 (16)             ; 0 (0)                     ; 0           ; 0            ; 0       ; 0         ; 0    ; 0            ; |display_divider|divider:div|comparator:\Slice:0:FirstSlice:firstComp    ; comparator      ; work         ;
;       |comparator:\Slice:10:MiddleSlice:middleComp| ; 24 (24)             ; 0 (0)                     ; 0           ; 0            ; 0       ; 0         ; 0    ; 0            ; |display_divider|divider:div|comparator:\Slice:10:MiddleSlice:middleComp ; comparator      ; work         ;
;       |comparator:\Slice:11:MiddleSlice:middleComp| ; 24 (24)             ; 0 (0)                     ; 0           ; 0            ; 0       ; 0         ; 0    ; 0            ; |display_divider|divider:div|comparator:\Slice:11:MiddleSlice:middleComp ; comparator      ; work         ;
;       |comparator:\Slice:12:MiddleSlice:middleComp| ; 25 (25)             ; 0 (0)                     ; 0           ; 0            ; 0       ; 0         ; 0    ; 0            ; |display_divider|divider:div|comparator:\Slice:12:MiddleSlice:middleComp ; comparator      ; work         ;
;       |comparator:\Slice:13:MiddleSlice:middleComp| ; 24 (24)             ; 0 (0)                     ; 0           ; 0            ; 0       ; 0         ; 0    ; 0            ; |display_divider|divider:div|comparator:\Slice:13:MiddleSlice:middleComp ; comparator      ; work         ;
;       |comparator:\Slice:14:MiddleSlice:middleComp| ; 28 (28)             ; 0 (0)                     ; 0           ; 0            ; 0       ; 0         ; 0    ; 0            ; |display_divider|divider:div|comparator:\Slice:14:MiddleSlice:middleComp ; comparator      ; work         ;
;       |comparator:\Slice:15:EndSlice:middleComp|    ; 25 (25)             ; 0 (0)                     ; 0           ; 0            ; 0       ; 0         ; 0    ; 0            ; |display_divider|divider:div|comparator:\Slice:15:EndSlice:middleComp    ; comparator      ; work         ;
;       |comparator:\Slice:1:MiddleSlice:middleComp|  ; 24 (24)             ; 0 (0)                     ; 0           ; 0            ; 0       ; 0         ; 0    ; 0            ; |display_divider|divider:div|comparator:\Slice:1:MiddleSlice:middleComp  ; comparator      ; work         ;
;       |comparator:\Slice:2:MiddleSlice:middleComp|  ; 25 (25)             ; 0 (0)                     ; 0           ; 0            ; 0       ; 0         ; 0    ; 0            ; |display_divider|divider:div|comparator:\Slice:2:MiddleSlice:middleComp  ; comparator      ; work         ;
;       |comparator:\Slice:3:MiddleSlice:middleComp|  ; 25 (25)             ; 0 (0)                     ; 0           ; 0            ; 0       ; 0         ; 0    ; 0            ; |display_divider|divider:div|comparator:\Slice:3:MiddleSlice:middleComp  ; comparator      ; work         ;
;       |comparator:\Slice:4:MiddleSlice:middleComp|  ; 25 (25)             ; 0 (0)                     ; 0           ; 0            ; 0       ; 0         ; 0    ; 0            ; |display_divider|divider:div|comparator:\Slice:4:MiddleSlice:middleComp  ; comparator      ; work         ;
;       |comparator:\Slice:5:MiddleSlice:middleComp|  ; 25 (25)             ; 0 (0)                     ; 0           ; 0            ; 0       ; 0         ; 0    ; 0            ; |display_divider|divider:div|comparator:\Slice:5:MiddleSlice:middleComp  ; comparator      ; work         ;
;       |comparator:\Slice:6:MiddleSlice:middleComp|  ; 25 (25)             ; 0 (0)                     ; 0           ; 0            ; 0       ; 0         ; 0    ; 0            ; |display_divider|divider:div|comparator:\Slice:6:MiddleSlice:middleComp  ; comparator      ; work         ;
;       |comparator:\Slice:7:MiddleSlice:middleComp|  ; 25 (25)             ; 0 (0)                     ; 0           ; 0            ; 0       ; 0         ; 0    ; 0            ; |display_divider|divider:div|comparator:\Slice:7:MiddleSlice:middleComp  ; comparator      ; work         ;
;       |comparator:\Slice:8:MiddleSlice:middleComp|  ; 24 (24)             ; 0 (0)                     ; 0           ; 0            ; 0       ; 0         ; 0    ; 0            ; |display_divider|divider:div|comparator:\Slice:8:MiddleSlice:middleComp  ; comparator      ; work         ;
;       |comparator:\Slice:9:MiddleSlice:middleComp|  ; 24 (24)             ; 0 (0)                     ; 0           ; 0            ; 0       ; 0         ; 0    ; 0            ; |display_divider|divider:div|comparator:\Slice:9:MiddleSlice:middleComp  ; comparator      ; work         ;
;    |leddcd:\dividendLoop:0:dividendDecoder|         ; 7 (7)               ; 0 (0)                     ; 0           ; 0            ; 0       ; 0         ; 0    ; 0            ; |display_divider|leddcd:\dividendLoop:0:dividendDecoder                  ; leddcd          ; work         ;
;    |leddcd:\dividendLoop:1:dividendDecoder|         ; 7 (7)               ; 0 (0)                     ; 0           ; 0            ; 0       ; 0         ; 0    ; 0            ; |display_divider|leddcd:\dividendLoop:1:dividendDecoder                  ; leddcd          ; work         ;
;    |leddcd:\dividendLoop:2:dividendDecoder|         ; 7 (7)               ; 0 (0)                     ; 0           ; 0            ; 0       ; 0         ; 0    ; 0            ; |display_divider|leddcd:\dividendLoop:2:dividendDecoder                  ; leddcd          ; work         ;
;    |leddcd:\dividendLoop:3:dividendDecoder|         ; 7 (7)               ; 0 (0)                     ; 0           ; 0            ; 0       ; 0         ; 0    ; 0            ; |display_divider|leddcd:\dividendLoop:3:dividendDecoder                  ; leddcd          ; work         ;
;    |leddcd:\divisorLoop:0:divisorDecoder|           ; 7 (7)               ; 0 (0)                     ; 0           ; 0            ; 0       ; 0         ; 0    ; 0            ; |display_divider|leddcd:\divisorLoop:0:divisorDecoder                    ; leddcd          ; work         ;
;    |leddcd:\divisorLoop:1:divisorDecoder|           ; 7 (7)               ; 0 (0)                     ; 0           ; 0            ; 0       ; 0         ; 0    ; 0            ; |display_divider|leddcd:\divisorLoop:1:divisorDecoder                    ; leddcd          ; work         ;
;    |leddcd:\quotientLoop:0:quotientDecoder|         ; 7 (7)               ; 0 (0)                     ; 0           ; 0            ; 0       ; 0         ; 0    ; 0            ; |display_divider|leddcd:\quotientLoop:0:quotientDecoder                  ; leddcd          ; work         ;
;    |leddcd:\quotientLoop:1:quotientDecoder|         ; 7 (7)               ; 0 (0)                     ; 0           ; 0            ; 0       ; 0         ; 0    ; 0            ; |display_divider|leddcd:\quotientLoop:1:quotientDecoder                  ; leddcd          ; work         ;
;    |leddcd:\quotientLoop:2:quotientDecoder|         ; 7 (7)               ; 0 (0)                     ; 0           ; 0            ; 0       ; 0         ; 0    ; 0            ; |display_divider|leddcd:\quotientLoop:2:quotientDecoder                  ; leddcd          ; work         ;
;    |leddcd:\quotientLoop:3:quotientDecoder|         ; 7 (7)               ; 0 (0)                     ; 0           ; 0            ; 0       ; 0         ; 0    ; 0            ; |display_divider|leddcd:\quotientLoop:3:quotientDecoder                  ; leddcd          ; work         ;
;    |leddcd:\remainderLoop:0:remainderDecoder|       ; 7 (7)               ; 0 (0)                     ; 0           ; 0            ; 0       ; 0         ; 0    ; 0            ; |display_divider|leddcd:\remainderLoop:0:remainderDecoder                ; leddcd          ; work         ;
;    |leddcd:\remainderLoop:1:remainderDecoder|       ; 7 (7)               ; 0 (0)                     ; 0           ; 0            ; 0       ; 0         ; 0    ; 0            ; |display_divider|leddcd:\remainderLoop:1:remainderDecoder                ; leddcd          ; work         ;
+-----------------------------------------------------+---------------------+---------------------------+-------------+--------------+---------+-----------+------+--------------+--------------------------------------------------------------------------+-----------------+--------------+
Note: For table entries with two numbers listed, the numbers in parentheses indicate the number of resources of the given type used by the specific entity alone. The numbers listed outside of parentheses indicate the total resources of the given type used by the specific entity and all of its sub-entities in the hierarchy.


+----------------------------------------------------------------------------------------------------+
; User-Specified and Inferred Latches                                                                ;
+-----------------------------------------------------+---------------------+------------------------+
; Latch Name                                          ; Latch Enable Signal ; Free of Timing Hazards ;
+-----------------------------------------------------+---------------------+------------------------+
; divider:div|intDivisor[0]                           ; start               ; yes                    ;
; divider:div|intDivisor[1]                           ; start               ; yes                    ;
; divider:div|intDivisor[2]                           ; start               ; yes                    ;
; divider:div|intDivisor[3]                           ; start               ; yes                    ;
; divider:div|intDivisor[4]                           ; start               ; yes                    ;
; divider:div|intDivisor[5]                           ; start               ; yes                    ;
; divider:div|intDivisor[6]                           ; start               ; yes                    ;
; divider:div|intDivisor[7]                           ; start               ; yes                    ;
; divider:div|intDividend[11]                         ; start               ; yes                    ;
; divider:div|intDividend[15]                         ; start               ; yes                    ;
; divider:div|intDividend[14]                         ; start               ; yes                    ;
; divider:div|intDividend[13]                         ; start               ; yes                    ;
; divider:div|intDividend[12]                         ; start               ; yes                    ;
; divider:div|intDividend[10]                         ; start               ; yes                    ;
; divider:div|intDividend[9]                          ; start               ; yes                    ;
; divider:div|intDividend[8]                          ; start               ; yes                    ;
; divider:div|intDividend[7]                          ; start               ; yes                    ;
; divider:div|intDividend[6]                          ; start               ; yes                    ;
; divider:div|intDividend[5]                          ; start               ; yes                    ;
; divider:div|intDividend[4]                          ; start               ; yes                    ;
; divider:div|intDividend[3]                          ; start               ; yes                    ;
; divider:div|intDividend[2]                          ; start               ; yes                    ;
; divider:div|intDividend[1]                          ; start               ; yes                    ;
; divider:div|intDividend[0]                          ; start               ; yes                    ;
; Number of user-specified and inferred latches = 24  ;                     ;                        ;
+-----------------------------------------------------+---------------------+------------------------+
Note: All latches listed above may not be present at the end of synthesis due to various synthesis optimizations.


+------------------------------------------------------+
; General Register Statistics                          ;
+----------------------------------------------+-------+
; Statistic                                    ; Value ;
+----------------------------------------------+-------+
; Total registers                              ; 0     ;
; Number of registers using Synchronous Clear  ; 0     ;
; Number of registers using Synchronous Load   ; 0     ;
; Number of registers using Asynchronous Clear ; 0     ;
; Number of registers using Asynchronous Load  ; 0     ;
; Number of registers using Clock Enable       ; 0     ;
; Number of registers using Preset             ; 0     ;
+----------------------------------------------+-------+


+----------------------------------------------------------------------------------+
; Port Connectivity Checks: "divider:div|comparator:\Slice:0:FirstSlice:firstComp" ;
+------------+-------+----------+--------------------------------------------------+
; Port       ; Type  ; Severity ; Details                                          ;
+------------+-------+----------+--------------------------------------------------+
; dinl[8..1] ; Input ; Info     ; Stuck at GND                                     ;
+------------+-------+----------+--------------------------------------------------+


+-----------------------------------------------------+
; Post-Synthesis Netlist Statistics for Top Partition ;
+-----------------------+-----------------------------+
; Type                  ; Count                       ;
+-----------------------+-----------------------------+
; boundary_port         ; 110                         ;
; cycloneiii_lcell_comb ; 515                         ;
;     arith             ; 217                         ;
;         2 data inputs ; 6                           ;
;         3 data inputs ; 211                         ;
;     normal            ; 298                         ;
;         0 data inputs ; 1                           ;
;         1 data inputs ; 19                          ;
;         2 data inputs ; 36                          ;
;         3 data inputs ; 85                          ;
;         4 data inputs ; 157                         ;
;                       ;                             ;
; Max LUT depth         ; 53.00                       ;
; Average LUT depth     ; 41.15                       ;
+-----------------------+-----------------------------+


+-------------------------------+
; Elapsed Time Per Partition    ;
+----------------+--------------+
; Partition Name ; Elapsed Time ;
+----------------+--------------+
; Top            ; 00:00:02     ;
+----------------+--------------+


+-------------------------------+
; Analysis & Synthesis Messages ;
+-------------------------------+
Info: *******************************************************************
Info: Running Quartus Prime Analysis & Synthesis
    Info: Version 17.0.0 Build 595 04/25/2017 SJ Lite Edition
    Info: Processing started: Sun Oct 08 17:59:04 2017
Info: Command: quartus_map --read_settings_files=on --write_settings_files=off display_divider -c display_divider
Warning (18236): Number of processors has not been specified which may cause overloading on shared machines.  Set the global assignment NUM_PARALLEL_PROCESSORS in your QSF to an appropriate value for best performance.
Info (20030): Parallel compilation is enabled and will use 6 of the 6 processors detected
Info (12021): Found 2 design units, including 1 entities, in source file divider.vhd
    Info (12022): Found design unit 1: divider-structural_combinational File: C:/Users/Graehme/Documents/College/EECS 355/gitProjects/Lab2/divider.vhd Line: 21
    Info (12023): Found entity 1: divider File: C:/Users/Graehme/Documents/College/EECS 355/gitProjects/Lab2/divider.vhd Line: 7
Info (12021): Found 2 design units, including 0 entities, in source file divider_const.vhd
    Info (12022): Found design unit 1: divider_const File: C:/Users/Graehme/Documents/College/EECS 355/gitProjects/Lab2/divider_const.vhd Line: 4
    Info (12022): Found design unit 2: divider_const-body File: C:/Users/Graehme/Documents/College/EECS 355/gitProjects/Lab2/divider_const.vhd Line: 9
Info (12021): Found 2 design units, including 1 entities, in source file display_divider.vhd
    Info (12022): Found design unit 1: display_divider-structural File: C:/Users/Graehme/Documents/College/EECS 355/gitProjects/Lab2/display_divider.vhd Line: 19
    Info (12023): Found entity 1: display_divider File: C:/Users/Graehme/Documents/College/EECS 355/gitProjects/Lab2/display_divider.vhd Line: 5
Info (12021): Found 2 design units, including 1 entities, in source file comparator.vhd
    Info (12022): Found design unit 1: comparator-behavioral File: C:/Users/Graehme/Documents/College/EECS 355/gitProjects/Lab2/comparator.vhd Line: 17
    Info (12023): Found entity 1: comparator File: C:/Users/Graehme/Documents/College/EECS 355/gitProjects/Lab2/comparator.vhd Line: 6
Info (12127): Elaborating entity "display_divider" for the top level hierarchy
Info (12128): Elaborating entity "divider" for hierarchy "divider:div" File: C:/Users/Graehme/Documents/College/EECS 355/gitProjects/Lab2/display_divider.vhd Line: 42
Info (10041): Inferred latch for "intDividend[0]" at divider.vhd(39) File: C:/Users/Graehme/Documents/College/EECS 355/gitProjects/Lab2/divider.vhd Line: 39
Info (10041): Inferred latch for "intDividend[1]" at divider.vhd(39) File: C:/Users/Graehme/Documents/College/EECS 355/gitProjects/Lab2/divider.vhd Line: 39
Info (10041): Inferred latch for "intDividend[2]" at divider.vhd(39) File: C:/Users/Graehme/Documents/College/EECS 355/gitProjects/Lab2/divider.vhd Line: 39
Info (10041): Inferred latch for "intDividend[3]" at divider.vhd(39) File: C:/Users/Graehme/Documents/College/EECS 355/gitProjects/Lab2/divider.vhd Line: 39
Info (10041): Inferred latch for "intDividend[4]" at divider.vhd(39) File: C:/Users/Graehme/Documents/College/EECS 355/gitProjects/Lab2/divider.vhd Line: 39
Info (10041): Inferred latch for "intDividend[5]" at divider.vhd(39) File: C:/Users/Graehme/Documents/College/EECS 355/gitProjects/Lab2/divider.vhd Line: 39
Info (10041): Inferred latch for "intDividend[6]" at divider.vhd(39) File: C:/Users/Graehme/Documents/College/EECS 355/gitProjects/Lab2/divider.vhd Line: 39
Info (10041): Inferred latch for "intDividend[7]" at divider.vhd(39) File: C:/Users/Graehme/Documents/College/EECS 355/gitProjects/Lab2/divider.vhd Line: 39
Info (10041): Inferred latch for "intDividend[8]" at divider.vhd(39) File: C:/Users/Graehme/Documents/College/EECS 355/gitProjects/Lab2/divider.vhd Line: 39
Info (10041): Inferred latch for "intDividend[9]" at divider.vhd(39) File: C:/Users/Graehme/Documents/College/EECS 355/gitProjects/Lab2/divider.vhd Line: 39
Info (10041): Inferred latch for "intDividend[10]" at divider.vhd(39) File: C:/Users/Graehme/Documents/College/EECS 355/gitProjects/Lab2/divider.vhd Line: 39
Info (10041): Inferred latch for "intDividend[11]" at divider.vhd(39) File: C:/Users/Graehme/Documents/College/EECS 355/gitProjects/Lab2/divider.vhd Line: 39
Info (10041): Inferred latch for "intDividend[12]" at divider.vhd(39) File: C:/Users/Graehme/Documents/College/EECS 355/gitProjects/Lab2/divider.vhd Line: 39
Info (10041): Inferred latch for "intDividend[13]" at divider.vhd(39) File: C:/Users/Graehme/Documents/College/EECS 355/gitProjects/Lab2/divider.vhd Line: 39
Info (10041): Inferred latch for "intDividend[14]" at divider.vhd(39) File: C:/Users/Graehme/Documents/College/EECS 355/gitProjects/Lab2/divider.vhd Line: 39
Info (10041): Inferred latch for "intDividend[15]" at divider.vhd(39) File: C:/Users/Graehme/Documents/College/EECS 355/gitProjects/Lab2/divider.vhd Line: 39
Info (10041): Inferred latch for "intDivisor[0]" at divider.vhd(38) File: C:/Users/Graehme/Documents/College/EECS 355/gitProjects/Lab2/divider.vhd Line: 38
Info (10041): Inferred latch for "intDivisor[1]" at divider.vhd(38) File: C:/Users/Graehme/Documents/College/EECS 355/gitProjects/Lab2/divider.vhd Line: 38
Info (10041): Inferred latch for "intDivisor[2]" at divider.vhd(38) File: C:/Users/Graehme/Documents/College/EECS 355/gitProjects/Lab2/divider.vhd Line: 38
Info (10041): Inferred latch for "intDivisor[3]" at divider.vhd(38) File: C:/Users/Graehme/Documents/College/EECS 355/gitProjects/Lab2/divider.vhd Line: 38
Info (10041): Inferred latch for "intDivisor[4]" at divider.vhd(38) File: C:/Users/Graehme/Documents/College/EECS 355/gitProjects/Lab2/divider.vhd Line: 38
Info (10041): Inferred latch for "intDivisor[5]" at divider.vhd(38) File: C:/Users/Graehme/Documents/College/EECS 355/gitProjects/Lab2/divider.vhd Line: 38
Info (10041): Inferred latch for "intDivisor[6]" at divider.vhd(38) File: C:/Users/Graehme/Documents/College/EECS 355/gitProjects/Lab2/divider.vhd Line: 38
Info (10041): Inferred latch for "intDivisor[7]" at divider.vhd(38) File: C:/Users/Graehme/Documents/College/EECS 355/gitProjects/Lab2/divider.vhd Line: 38
Info (10041): Inferred latch for "overflow" at divider.vhd(37) File: C:/Users/Graehme/Documents/College/EECS 355/gitProjects/Lab2/divider.vhd Line: 37
Info (12128): Elaborating entity "comparator" for hierarchy "divider:div|comparator:\Slice:0:FirstSlice:firstComp" File: C:/Users/Graehme/Documents/College/EECS 355/gitProjects/Lab2/divider.vhd Line: 43
Warning (12125): Using design file leddcd.vhd, which is not specified as a design file for the current project, but contains definitions for 2 design units and 1 entities in project
    Info (12022): Found design unit 1: leddcd-data_flow File: C:/Users/Graehme/Documents/College/EECS 355/gitProjects/Lab2/leddcd.vhd Line: 11
    Info (12023): Found entity 1: leddcd File: C:/Users/Graehme/Documents/College/EECS 355/gitProjects/Lab2/leddcd.vhd Line: 5
Info (12128): Elaborating entity "leddcd" for hierarchy "leddcd:\dividendLoop:0:dividendDecoder" File: C:/Users/Graehme/Documents/College/EECS 355/gitProjects/Lab2/display_divider.vhd Line: 44
Warning (13024): Output pins are stuck at VCC or GND
    Warning (13410): Pin "overflow" is stuck at GND File: C:/Users/Graehme/Documents/College/EECS 355/gitProjects/Lab2/display_divider.vhd Line: 11
Info (286030): Timing-Driven Synthesis is running
Info (16010): Generating hard_block partition "hard_block:auto_generated_inst"
    Info (16011): Adding 0 node(s), including 0 DDIO, 0 PLL, 0 transceiver and 0 LCELL
Info (21057): Implemented 606 device resources after synthesis - the final resource count might be different
    Info (21058): Implemented 25 input pins
    Info (21059): Implemented 85 output pins
    Info (21061): Implemented 496 logic cells
Info: Quartus Prime Analysis & Synthesis was successful. 0 errors, 4 warnings
    Info: Peak virtual memory: 679 megabytes
    Info: Processing ended: Sun Oct 08 17:59:15 2017
    Info: Elapsed time: 00:00:11
    Info: Total CPU time (on all processors): 00:00:19


